<?xml version="1.0" encoding="UTF-8"?>
<testsuites>
  <testsuite name="Test Suite" timestamp="2023-10-16T16:55:33" time="25.74" tests="8" failures="0" errors="0" skipped="0">
    <properties>
      <property name="specId" value="0"/>
      <property name="suiteName" value="Test Suite"/>
      <property name="capabilities" value="firefox.118_0_2.windows"/>
      <property name="file" value="file:///C:/Users/Charles_Adair/Documents/Automation-js-mentoring/test/specs/test.specs.js"/>
    </properties>
    <testcase classname="firefox.118_0_2.windows.Test_Suite" name="Get Homepage Title" time="0.98">
      <system-out><![CDATA[
COMMAND: POST /session/df89253d-55b6-4e17-80e4-f0d1262a5b03/url - {"url":"https://en.wikipedia.org/wiki/Main_Page"}
COMMAND: GET /session/df89253d-55b6-4e17-80e4-f0d1262a5b03/title - {}
RESULT: {"url":"https://en.wikipedia.org/wiki/Main_Page"}
RESULT: {}
]]></system-out>
    </testcase>
    <testcase classname="firefox.118_0_2.windows.Test_Suite" name="Search for EPAM" time="5.047">
      <system-out><![CDATA[
COMMAND: POST /session/df89253d-55b6-4e17-80e4-f0d1262a5b03/url - {"url":"https://en.wikipedia.org/wiki/Main_Page"}
COMMAND: POST /session/df89253d-55b6-4e17-80e4-f0d1262a5b03/element - {"using":"css selector","value":".vector-header"}
RESULT: {"url":"https://en.wikipedia.org/wiki/Main_Page"}
RESULT: {"using":"css selector","value":".vector-header"}
COMMAND: POST /session/df89253d-55b6-4e17-80e4-f0d1262a5b03/element/586ac37e-caca-4925-af6c-10d59365fd1e/element - {"using":"css selector","value":"input[name=\"search\"]"}
RESULT: {"using":"css selector","value":"input[name=\"search\"]"}
COMMAND: POST /session/df89253d-55b6-4e17-80e4-f0d1262a5b03/element/ca703a97-d2ba-45c9-a71c-c985d72780e4/clear - {}
RESULT: {}
COMMAND: POST /session/df89253d-55b6-4e17-80e4-f0d1262a5b03/element/ca703a97-d2ba-45c9-a71c-c985d72780e4/value - {"text":"Epam"}
RESULT: {"text":"Epam"}
COMMAND: POST /session/df89253d-55b6-4e17-80e4-f0d1262a5b03/element - {"using":"css selector","value":".vector-header"}
RESULT: {"using":"css selector","value":".vector-header"}
COMMAND: POST /session/df89253d-55b6-4e17-80e4-f0d1262a5b03/element/586ac37e-caca-4925-af6c-10d59365fd1e/element - {"using":"css selector","value":"button[class=\"cdx-button cdx-button--action-default cdx-button--weight-normal cdx-button--size-medium cdx-button--framed cdx-search-input__end-button\"]"}
RESULT: {"using":"css selector","value":"button[class=\"cdx-button cdx-button--action-default cdx-button--weight-normal cdx-button--size-medium cdx-button--framed cdx-search-input__end-button\"]"}
COMMAND: POST /session/df89253d-55b6-4e17-80e4-f0d1262a5b03/element/586ac37e-caca-4925-af6c-10d59365fd1e/elements - {"using":"css selector","value":"button[class=\"cdx-button cdx-button--action-default cdx-button--weight-normal cdx-button--size-medium cdx-button--framed cdx-search-input__end-button\"]"}
RESULT: {"using":"css selector","value":"button[class=\"cdx-button cdx-button--action-default cdx-button--weight-normal cdx-button--size-medium cdx-button--framed cdx-search-input__end-button\"]"}
COMMAND: POST /session/df89253d-55b6-4e17-80e4-f0d1262a5b03/element/586ac37e-caca-4925-af6c-10d59365fd1e/elements - {"using":"css selector","value":"button[class=\"cdx-button cdx-button--action-default cdx-button--weight-normal cdx-button--size-medium cdx-button--framed cdx-search-input__end-button\"]"}
RESULT: {"using":"css selector","value":"button[class=\"cdx-button cdx-button--action-default cdx-button--weight-normal cdx-button--size-medium cdx-button--framed cdx-search-input__end-button\"]"}
COMMAND: POST /session/df89253d-55b6-4e17-80e4-f0d1262a5b03/element/586ac37e-caca-4925-af6c-10d59365fd1e/element - {"using":"css selector","value":"button[class=\"cdx-button cdx-button--action-default cdx-button--weight-normal cdx-button--size-medium cdx-button--framed cdx-search-input__end-button\"]"}
RESULT: {"using":"css selector","value":"button[class=\"cdx-button cdx-button--action-default cdx-button--weight-normal cdx-button--size-medium cdx-button--framed cdx-search-input__end-button\"]"}
COMMAND: GET /session/df89253d-55b6-4e17-80e4-f0d1262a5b03/element/dd5c4cd5-2f8f-4831-86a0-12ddbc32356c/displayed - {}
RESULT: {}
COMMAND: POST /session/df89253d-55b6-4e17-80e4-f0d1262a5b03/element/dd5c4cd5-2f8f-4831-86a0-12ddbc32356c/click - {}
RESULT: {}
COMMAND: GET /session/df89253d-55b6-4e17-80e4-f0d1262a5b03/title - {}
RESULT: {}
]]></system-out>
    </testcase>
    <testcase classname="firefox.118_0_2.windows.Test_Suite" name="Change language of website" time="2.075">
      <system-out><![CDATA[
COMMAND: POST /session/df89253d-55b6-4e17-80e4-f0d1262a5b03/url - {"url":"https://en.wikipedia.org/wiki/Main_Page"}
COMMAND: POST /session/df89253d-55b6-4e17-80e4-f0d1262a5b03/url - {"url":"https://www.wikipedia.org/"}
RESULT: {"url":"https://en.wikipedia.org/wiki/Main_Page"}
RESULT: {"url":"https://www.wikipedia.org/"}
COMMAND: POST /session/df89253d-55b6-4e17-80e4-f0d1262a5b03/element - {"using":"css selector","value":"div[class=\"central-featured\"]"}
RESULT: {"using":"css selector","value":"div[class=\"central-featured\"]"}
COMMAND: POST /session/df89253d-55b6-4e17-80e4-f0d1262a5b03/element/0982a634-4b16-4092-a4c5-0169d2e3fdef/element - {"using":"css selector","value":"a[id=\"js-link-box-de\"]"}
RESULT: {"using":"css selector","value":"a[id=\"js-link-box-de\"]"}
COMMAND: GET /session/df89253d-55b6-4e17-80e4-f0d1262a5b03/element/b1b10cbc-adbf-4ce8-8fc6-6f4809068081/displayed - {}
RESULT: {}
COMMAND: POST /session/df89253d-55b6-4e17-80e4-f0d1262a5b03/element/b1b10cbc-adbf-4ce8-8fc6-6f4809068081/click - {}
RESULT: {}
COMMAND: GET /session/df89253d-55b6-4e17-80e4-f0d1262a5b03/title - {}
RESULT: {}
]]></system-out>
    </testcase>
    <testcase classname="firefox.118_0_2.windows.Test_Suite" name="Ensure language dropdown list appears" time="1.312">
      <system-out><![CDATA[
COMMAND: POST /session/df89253d-55b6-4e17-80e4-f0d1262a5b03/url - {"url":"https://en.wikipedia.org/wiki/Main_Page"}
COMMAND: POST /session/df89253d-55b6-4e17-80e4-f0d1262a5b03/url - {"url":"https://www.wikipedia.org/"}
RESULT: {"url":"https://en.wikipedia.org/wiki/Main_Page"}
RESULT: {"url":"https://www.wikipedia.org/"}
COMMAND: POST /session/df89253d-55b6-4e17-80e4-f0d1262a5b03/element - {"using":"css selector","value":"div[class=\"lang-list-button-wrapper\"]"}
RESULT: {"using":"css selector","value":"div[class=\"lang-list-button-wrapper\"]"}
COMMAND: POST /session/df89253d-55b6-4e17-80e4-f0d1262a5b03/element/fdaf7cd2-c377-4232-8dbb-ae975c66b7a1/element - {"using":"css selector","value":"button[id=\"js-lang-list-button\"]"}
RESULT: {"using":"css selector","value":"button[id=\"js-lang-list-button\"]"}
COMMAND: GET /session/df89253d-55b6-4e17-80e4-f0d1262a5b03/element/fa837a1e-17a1-4e48-8baf-2508077158f7/displayed - {}
RESULT: {}
COMMAND: POST /session/df89253d-55b6-4e17-80e4-f0d1262a5b03/element/fa837a1e-17a1-4e48-8baf-2508077158f7/click - {}
RESULT: {}
COMMAND: POST /session/df89253d-55b6-4e17-80e4-f0d1262a5b03/element - {"using":"css selector","value":"div[class=\"lang-list-button-wrapper\"]"}
RESULT: {"using":"css selector","value":"div[class=\"lang-list-button-wrapper\"]"}
COMMAND: POST /session/df89253d-55b6-4e17-80e4-f0d1262a5b03/element/fdaf7cd2-c377-4232-8dbb-ae975c66b7a1/element - {"using":"css selector","value":"div[id=\"js-lang-lists\"]"}
RESULT: {"using":"css selector","value":"div[id=\"js-lang-lists\"]"}
]]></system-out>
    </testcase>
    <testcase classname="firefox.118_0_2.windows.Test_Suite" name="Log into account" time="8.178">
      <system-out><![CDATA[
COMMAND: POST /session/df89253d-55b6-4e17-80e4-f0d1262a5b03/url - {"url":"https://en.wikipedia.org/wiki/Main_Page"}
COMMAND: POST /session/df89253d-55b6-4e17-80e4-f0d1262a5b03/element - {"using":"css selector","value":".vector-header"}
RESULT: {"url":"https://en.wikipedia.org/wiki/Main_Page"}
RESULT: {"using":"css selector","value":".vector-header"}
COMMAND: POST /session/df89253d-55b6-4e17-80e4-f0d1262a5b03/element/59310c36-c1ab-4c5e-ba29-4479b8719469/element - {"using":"css selector","value":"li[id=\"pt-login-2\"]"}
RESULT: {"using":"css selector","value":"li[id=\"pt-login-2\"]"}
COMMAND: GET /session/df89253d-55b6-4e17-80e4-f0d1262a5b03/element/04432f7c-8e10-433c-a7a0-dac5ad1c1221/displayed - {}
RESULT: {}
COMMAND: POST /session/df89253d-55b6-4e17-80e4-f0d1262a5b03/element/04432f7c-8e10-433c-a7a0-dac5ad1c1221/click - {}
RESULT: {}
COMMAND: POST /session/df89253d-55b6-4e17-80e4-f0d1262a5b03/element - {"using":"css selector","value":"div[id=\"userloginForm\"]"}
RESULT: {"using":"css selector","value":"div[id=\"userloginForm\"]"}
COMMAND: POST /session/df89253d-55b6-4e17-80e4-f0d1262a5b03/element/521f7921-68e8-4bb7-881a-be22d5e887f6/element - {"using":"css selector","value":"input[id=\"wpName1\"]"}
RESULT: {"using":"css selector","value":"input[id=\"wpName1\"]"}
COMMAND: POST /session/df89253d-55b6-4e17-80e4-f0d1262a5b03/element/2e8b291e-ec26-43b5-bb12-9e35e39976b5/clear - {}
RESULT: {}
COMMAND: POST /session/df89253d-55b6-4e17-80e4-f0d1262a5b03/element/2e8b291e-ec26-43b5-bb12-9e35e39976b5/value - {"text":"EpamTestCharlie"}
RESULT: {"text":"EpamTestCharlie"}
COMMAND: POST /session/df89253d-55b6-4e17-80e4-f0d1262a5b03/element - {"using":"css selector","value":"div[id=\"userloginForm\"]"}
RESULT: {"using":"css selector","value":"div[id=\"userloginForm\"]"}
COMMAND: POST /session/df89253d-55b6-4e17-80e4-f0d1262a5b03/element/521f7921-68e8-4bb7-881a-be22d5e887f6/element - {"using":"css selector","value":"input[id=\"wpPassword1\"]"}
RESULT: {"using":"css selector","value":"input[id=\"wpPassword1\"]"}
COMMAND: POST /session/df89253d-55b6-4e17-80e4-f0d1262a5b03/element/1fd5174f-5f8d-47a9-9477-2d7a49a7a782/clear - {}
RESULT: {}
COMMAND: POST /session/df89253d-55b6-4e17-80e4-f0d1262a5b03/element/1fd5174f-5f8d-47a9-9477-2d7a49a7a782/value - {"text":"Tsotester123"}
RESULT: {"text":"Tsotester123"}
COMMAND: POST /session/df89253d-55b6-4e17-80e4-f0d1262a5b03/element - {"using":"css selector","value":"div[id=\"userloginForm\"]"}
RESULT: {"using":"css selector","value":"div[id=\"userloginForm\"]"}
COMMAND: POST /session/df89253d-55b6-4e17-80e4-f0d1262a5b03/element/521f7921-68e8-4bb7-881a-be22d5e887f6/element - {"using":"xpath","value":"//button[@type='submit']"}
RESULT: {"using":"xpath","value":"//button[@type='submit']"}
COMMAND: GET /session/df89253d-55b6-4e17-80e4-f0d1262a5b03/element/558669f6-2fea-44c3-84e0-4ea39be1bc4a/displayed - {}
RESULT: {}
COMMAND: POST /session/df89253d-55b6-4e17-80e4-f0d1262a5b03/element/558669f6-2fea-44c3-84e0-4ea39be1bc4a/click - {}
RESULT: {}
COMMAND: POST /session/df89253d-55b6-4e17-80e4-f0d1262a5b03/element - {"using":"css selector","value":".vector-header"}
RESULT: {"using":"css selector","value":".vector-header"}
COMMAND: POST /session/df89253d-55b6-4e17-80e4-f0d1262a5b03/element/ef0943b0-9f4f-45f6-be4b-4b5d54439e26/element - {"using":"css selector","value":"li[id=\"pt-userpage-2\"]"}
RESULT: {"using":"css selector","value":"li[id=\"pt-userpage-2\"]"}
COMMAND: GET /session/df89253d-55b6-4e17-80e4-f0d1262a5b03/element/2a9ea4fb-c6ac-40fa-a6b0-81f0ea16a7b8/displayed - {}
RESULT: {}
COMMAND: POST /session/df89253d-55b6-4e17-80e4-f0d1262a5b03/element/2a9ea4fb-c6ac-40fa-a6b0-81f0ea16a7b8/click - {}
RESULT: {}
COMMAND: GET /session/df89253d-55b6-4e17-80e4-f0d1262a5b03/title - {}
RESULT: {}
]]></system-out>
    </testcase>
    <testcase classname="firefox.118_0_2.windows.Test_Suite" name="Search for EPAM but before hitting enter add Offices in USA to search" time="3.254">
      <system-out><![CDATA[
COMMAND: POST /session/df89253d-55b6-4e17-80e4-f0d1262a5b03/url - {"url":"https://en.wikipedia.org/wiki/Main_Page"}
COMMAND: POST /session/df89253d-55b6-4e17-80e4-f0d1262a5b03/element - {"using":"css selector","value":".vector-header"}
RESULT: {"url":"https://en.wikipedia.org/wiki/Main_Page"}
RESULT: {"using":"css selector","value":".vector-header"}
COMMAND: POST /session/df89253d-55b6-4e17-80e4-f0d1262a5b03/element/85c83177-3de9-45d3-bf03-9e2206b51667/element - {"using":"css selector","value":"input[name=\"search\"]"}
RESULT: {"using":"css selector","value":"input[name=\"search\"]"}
COMMAND: POST /session/df89253d-55b6-4e17-80e4-f0d1262a5b03/element/9aebb8a4-78c5-46a3-b078-b9028e9419cf/clear - {}
RESULT: {}
COMMAND: POST /session/df89253d-55b6-4e17-80e4-f0d1262a5b03/element/9aebb8a4-78c5-46a3-b078-b9028e9419cf/value - {"text":"Epam"}
RESULT: {"text":"Epam"}
COMMAND: POST /session/df89253d-55b6-4e17-80e4-f0d1262a5b03/element - {"using":"css selector","value":".vector-header"}
RESULT: {"using":"css selector","value":".vector-header"}
COMMAND: POST /session/df89253d-55b6-4e17-80e4-f0d1262a5b03/element/85c83177-3de9-45d3-bf03-9e2206b51667/element - {"using":"css selector","value":"input[name=\"search\"]"}
RESULT: {"using":"css selector","value":"input[name=\"search\"]"}
COMMAND: POST /session/df89253d-55b6-4e17-80e4-f0d1262a5b03/element/9aebb8a4-78c5-46a3-b078-b9028e9419cf/value - {"text":" offices in USA"}
RESULT: {"text":" offices in USA"}
COMMAND: POST /session/df89253d-55b6-4e17-80e4-f0d1262a5b03/element - {"using":"css selector","value":".vector-header"}
RESULT: {"using":"css selector","value":".vector-header"}
COMMAND: POST /session/df89253d-55b6-4e17-80e4-f0d1262a5b03/element/85c83177-3de9-45d3-bf03-9e2206b51667/element - {"using":"css selector","value":"button[class=\"cdx-button cdx-button--action-default cdx-button--weight-normal cdx-button--size-medium cdx-button--framed cdx-search-input__end-button\"]"}
RESULT: {"using":"css selector","value":"button[class=\"cdx-button cdx-button--action-default cdx-button--weight-normal cdx-button--size-medium cdx-button--framed cdx-search-input__end-button\"]"}
COMMAND: GET /session/df89253d-55b6-4e17-80e4-f0d1262a5b03/element/e88b4061-b9f0-450b-801e-7cbef70b6996/displayed - {}
RESULT: {}
COMMAND: POST /session/df89253d-55b6-4e17-80e4-f0d1262a5b03/element/e88b4061-b9f0-450b-801e-7cbef70b6996/click - {}
RESULT: {}
COMMAND: GET /session/df89253d-55b6-4e17-80e4-f0d1262a5b03/title - {}
RESULT: {}
]]></system-out>
    </testcase>
    <testcase classname="firefox.118_0_2.windows.Test_Suite" name="Execute task Change border colour of wiki home icon to red" time="1.353">
      <system-out><![CDATA[
COMMAND: POST /session/df89253d-55b6-4e17-80e4-f0d1262a5b03/url - {"url":"https://en.wikipedia.org/wiki/Main_Page"}
COMMAND: POST /session/df89253d-55b6-4e17-80e4-f0d1262a5b03/element - {"using":"css selector","value":".vector-header"}
RESULT: {"url":"https://en.wikipedia.org/wiki/Main_Page"}
RESULT: {"using":"css selector","value":".vector-header"}
COMMAND: POST /session/df89253d-55b6-4e17-80e4-f0d1262a5b03/element/1e294d6a-89b2-44b9-b4e1-6a3a1ab7f037/element - {"using":"css selector","value":"img[class=\"mw-logo-icon\"]"}
RESULT: {"using":"css selector","value":"img[class=\"mw-logo-icon\"]"}
COMMAND: POST /session/df89253d-55b6-4e17-80e4-f0d1262a5b03/execute/sync - {"script":"return (function(wikiHomeIcon) {\r\n            wikiHomeIcon.style.borderColor = 'rgb(255, 0, 0)';\r\n        }).apply(null, arguments)","args":[{"element-6066-11e4-a52e-4f735466cecf":"1704dd90-3c77-4774-830b-27b6b93985ea","ELEMENT":"1704dd90-3c77-4774-830b-27b6b93985ea"}]}
RESULT: {"script":"return (function(wikiHomeIcon) {\r\n            wikiHomeIcon.style.borderColor = 'rgb(255, 0, 0)';\r\n        }).apply(null, arguments)","args":[{"element-6066-11e4-a52e-4f735466cecf":"1704dd90-3c77-4774-830b-27b6b93985ea","ELEMENT":"1704dd90-3c77-4774-830b-27b6b93985ea"}]}
COMMAND: POST /session/df89253d-55b6-4e17-80e4-f0d1262a5b03/element - {"using":"css selector","value":".vector-header"}
RESULT: {"using":"css selector","value":".vector-header"}
COMMAND: POST /session/df89253d-55b6-4e17-80e4-f0d1262a5b03/element/1e294d6a-89b2-44b9-b4e1-6a3a1ab7f037/element - {"using":"css selector","value":"img[class=\"mw-logo-icon\"]"}
RESULT: {"using":"css selector","value":"img[class=\"mw-logo-icon\"]"}
COMMAND: POST /session/df89253d-55b6-4e17-80e4-f0d1262a5b03/execute/sync - {"script":"return (function(updatedWikiHomeIcon) {\r\n            return window.getComputedStyle(updatedWikiHomeIcon).borderColor;\r\n        }).apply(null, arguments)","args":[{"element-6066-11e4-a52e-4f735466cecf":"1704dd90-3c77-4774-830b-27b6b93985ea","ELEMENT":"1704dd90-3c77-4774-830b-27b6b93985ea"}]}
RESULT: {"script":"return (function(updatedWikiHomeIcon) {\r\n            return window.getComputedStyle(updatedWikiHomeIcon).borderColor;\r\n        }).apply(null, arguments)","args":[{"element-6066-11e4-a52e-4f735466cecf":"1704dd90-3c77-4774-830b-27b6b93985ea","ELEMENT":"1704dd90-3c77-4774-830b-27b6b93985ea"}]}
]]></system-out>
    </testcase>
    <testcase classname="firefox.118_0_2.windows.Test_Suite" name="waitUntil task Search for Cat and assert that the title text is appropriate" time="3.512">
      <system-out><![CDATA[
COMMAND: POST /session/df89253d-55b6-4e17-80e4-f0d1262a5b03/url - {"url":"https://en.wikipedia.org/wiki/Main_Page"}
COMMAND: POST /session/df89253d-55b6-4e17-80e4-f0d1262a5b03/element - {"using":"css selector","value":".vector-header"}
RESULT: {"url":"https://en.wikipedia.org/wiki/Main_Page"}
RESULT: {"using":"css selector","value":".vector-header"}
COMMAND: POST /session/df89253d-55b6-4e17-80e4-f0d1262a5b03/element/fc9b6582-ce9a-45cc-b234-a5090888b3d3/element - {"using":"css selector","value":"input[name=\"search\"]"}
RESULT: {"using":"css selector","value":"input[name=\"search\"]"}
COMMAND: POST /session/df89253d-55b6-4e17-80e4-f0d1262a5b03/element/b12b18d6-d534-4f9b-9864-57db8935ec2e/clear - {}
RESULT: {}
COMMAND: POST /session/df89253d-55b6-4e17-80e4-f0d1262a5b03/element/b12b18d6-d534-4f9b-9864-57db8935ec2e/value - {"text":"Cat"}
RESULT: {"text":"Cat"}
COMMAND: POST /session/df89253d-55b6-4e17-80e4-f0d1262a5b03/element - {"using":"css selector","value":".vector-header"}
RESULT: {"using":"css selector","value":".vector-header"}
COMMAND: POST /session/df89253d-55b6-4e17-80e4-f0d1262a5b03/element/fc9b6582-ce9a-45cc-b234-a5090888b3d3/element - {"using":"css selector","value":"button[class=\"cdx-button cdx-button--action-default cdx-button--weight-normal cdx-button--size-medium cdx-button--framed cdx-search-input__end-button\"]"}
RESULT: {"using":"css selector","value":"button[class=\"cdx-button cdx-button--action-default cdx-button--weight-normal cdx-button--size-medium cdx-button--framed cdx-search-input__end-button\"]"}
COMMAND: POST /session/df89253d-55b6-4e17-80e4-f0d1262a5b03/element/fc9b6582-ce9a-45cc-b234-a5090888b3d3/elements - {"using":"css selector","value":"button[class=\"cdx-button cdx-button--action-default cdx-button--weight-normal cdx-button--size-medium cdx-button--framed cdx-search-input__end-button\"]"}
RESULT: {"using":"css selector","value":"button[class=\"cdx-button cdx-button--action-default cdx-button--weight-normal cdx-button--size-medium cdx-button--framed cdx-search-input__end-button\"]"}
COMMAND: POST /session/df89253d-55b6-4e17-80e4-f0d1262a5b03/element/fc9b6582-ce9a-45cc-b234-a5090888b3d3/elements - {"using":"css selector","value":"button[class=\"cdx-button cdx-button--action-default cdx-button--weight-normal cdx-button--size-medium cdx-button--framed cdx-search-input__end-button\"]"}
RESULT: {"using":"css selector","value":"button[class=\"cdx-button cdx-button--action-default cdx-button--weight-normal cdx-button--size-medium cdx-button--framed cdx-search-input__end-button\"]"}
COMMAND: POST /session/df89253d-55b6-4e17-80e4-f0d1262a5b03/element/fc9b6582-ce9a-45cc-b234-a5090888b3d3/element - {"using":"css selector","value":"button[class=\"cdx-button cdx-button--action-default cdx-button--weight-normal cdx-button--size-medium cdx-button--framed cdx-search-input__end-button\"]"}
RESULT: {"using":"css selector","value":"button[class=\"cdx-button cdx-button--action-default cdx-button--weight-normal cdx-button--size-medium cdx-button--framed cdx-search-input__end-button\"]"}
COMMAND: GET /session/df89253d-55b6-4e17-80e4-f0d1262a5b03/element/d8e621ce-d36a-40e5-b5e4-fd48107321d4/displayed - {}
RESULT: {}
COMMAND: POST /session/df89253d-55b6-4e17-80e4-f0d1262a5b03/element/d8e621ce-d36a-40e5-b5e4-fd48107321d4/click - {}
RESULT: {}
COMMAND: GET /session/df89253d-55b6-4e17-80e4-f0d1262a5b03/title - {}
RESULT: {}
COMMAND: GET /session/df89253d-55b6-4e17-80e4-f0d1262a5b03/title - {}
RESULT: {}
COMMAND: DELETE /session/df89253d-55b6-4e17-80e4-f0d1262a5b03 - {}
RESULT: {}
]]></system-out>
    </testcase>
  </testsuite>
</testsuites>