<?xml version="1.0" encoding="UTF-8"?>
<testsuites>
  <testsuite name="Test Suite" timestamp="2023-10-16T15:09:38" time="39.833" tests="10" failures="3" errors="3" skipped="0">
    <properties>
      <property name="specId" value="0"/>
      <property name="suiteName" value="Test Suite"/>
      <property name="capabilities" value="firefox.118_0_2.windows"/>
      <property name="file" value="file:///C:/Users/Charles_Adair/Documents/Automation-js-mentoring/test/specs/test.specs.js"/>
    </properties>
    <testcase classname="firefox.118_0_2.windows.Test_Suite" name="Get Homepage Title" time="1.155">
      <system-out><![CDATA[
COMMAND: POST /session/a06c9c01-66ae-403e-aa91-82064e3d8bfc/url - {"url":"https://en.wikipedia.org/wiki/Main_Page"}
COMMAND: GET /session/a06c9c01-66ae-403e-aa91-82064e3d8bfc/title - {}
RESULT: {"url":"https://en.wikipedia.org/wiki/Main_Page"}
RESULT: {}
]]></system-out>
    </testcase>
    <testcase classname="firefox.118_0_2.windows.Test_Suite" name="Search for EPAM" time="2.177">
      <system-out><![CDATA[
COMMAND: POST /session/a06c9c01-66ae-403e-aa91-82064e3d8bfc/url - {"url":"https://en.wikipedia.org/wiki/Main_Page"}
COMMAND: POST /session/a06c9c01-66ae-403e-aa91-82064e3d8bfc/element - {"using":"css selector","value":".vector-header"}
RESULT: {"url":"https://en.wikipedia.org/wiki/Main_Page"}
RESULT: {"using":"css selector","value":".vector-header"}
COMMAND: POST /session/a06c9c01-66ae-403e-aa91-82064e3d8bfc/element/07322a36-da60-4843-8b6a-e20824008858/element - {"using":"css selector","value":"input[name=\"search\"]"}
RESULT: {"using":"css selector","value":"input[name=\"search\"]"}
COMMAND: POST /session/a06c9c01-66ae-403e-aa91-82064e3d8bfc/element/4f14cd8c-2422-400c-b49b-fadc8c7cbdde/clear - {}
RESULT: {}
COMMAND: POST /session/a06c9c01-66ae-403e-aa91-82064e3d8bfc/element/4f14cd8c-2422-400c-b49b-fadc8c7cbdde/value - {"text":"Epam"}
RESULT: {"text":"Epam"}
COMMAND: POST /session/a06c9c01-66ae-403e-aa91-82064e3d8bfc/element - {"using":"css selector","value":".vector-header"}
RESULT: {"using":"css selector","value":".vector-header"}
COMMAND: POST /session/a06c9c01-66ae-403e-aa91-82064e3d8bfc/element/07322a36-da60-4843-8b6a-e20824008858/element - {"using":"css selector","value":"button[class=\"cdx-button cdx-button--action-default cdx-button--weight-normal cdx-button--size-medium cdx-button--framed cdx-search-input__end-button\"]"}
RESULT: {"using":"css selector","value":"button[class=\"cdx-button cdx-button--action-default cdx-button--weight-normal cdx-button--size-medium cdx-button--framed cdx-search-input__end-button\"]"}
COMMAND: POST /session/a06c9c01-66ae-403e-aa91-82064e3d8bfc/element/07322a36-da60-4843-8b6a-e20824008858/elements - {"using":"css selector","value":"button[class=\"cdx-button cdx-button--action-default cdx-button--weight-normal cdx-button--size-medium cdx-button--framed cdx-search-input__end-button\"]"}
RESULT: {"using":"css selector","value":"button[class=\"cdx-button cdx-button--action-default cdx-button--weight-normal cdx-button--size-medium cdx-button--framed cdx-search-input__end-button\"]"}
COMMAND: POST /session/a06c9c01-66ae-403e-aa91-82064e3d8bfc/element/07322a36-da60-4843-8b6a-e20824008858/element - {"using":"css selector","value":"button[class=\"cdx-button cdx-button--action-default cdx-button--weight-normal cdx-button--size-medium cdx-button--framed cdx-search-input__end-button\"]"}
RESULT: {"using":"css selector","value":"button[class=\"cdx-button cdx-button--action-default cdx-button--weight-normal cdx-button--size-medium cdx-button--framed cdx-search-input__end-button\"]"}
COMMAND: GET /session/a06c9c01-66ae-403e-aa91-82064e3d8bfc/element/04a53389-6eef-4b71-ae28-54b7f4e06e2f/displayed - {}
RESULT: {}
COMMAND: POST /session/a06c9c01-66ae-403e-aa91-82064e3d8bfc/element/04a53389-6eef-4b71-ae28-54b7f4e06e2f/click - {}
RESULT: {}
COMMAND: GET /session/a06c9c01-66ae-403e-aa91-82064e3d8bfc/title - {}
RESULT: {}
]]></system-out>
    </testcase>
    <testcase classname="firefox.118_0_2.windows.Test_Suite" name="Change language of website" time="1.437">
      <system-out><![CDATA[
COMMAND: POST /session/a06c9c01-66ae-403e-aa91-82064e3d8bfc/url - {"url":"https://en.wikipedia.org/wiki/Main_Page"}
COMMAND: POST /session/a06c9c01-66ae-403e-aa91-82064e3d8bfc/url - {"url":"https://www.wikipedia.org/"}
RESULT: {"url":"https://en.wikipedia.org/wiki/Main_Page"}
RESULT: {"url":"https://www.wikipedia.org/"}
COMMAND: POST /session/a06c9c01-66ae-403e-aa91-82064e3d8bfc/element - {"using":"css selector","value":"div[class=\"central-featured\"]"}
RESULT: {"using":"css selector","value":"div[class=\"central-featured\"]"}
COMMAND: POST /session/a06c9c01-66ae-403e-aa91-82064e3d8bfc/element/ff33b425-7c28-4e7d-bf6b-de6543c12d14/element - {"using":"css selector","value":"a[id=\"js-link-box-de\"]"}
RESULT: {"using":"css selector","value":"a[id=\"js-link-box-de\"]"}
COMMAND: GET /session/a06c9c01-66ae-403e-aa91-82064e3d8bfc/element/08de2e02-2d2e-4488-be92-ced0c08d688f/displayed - {}
RESULT: {}
COMMAND: POST /session/a06c9c01-66ae-403e-aa91-82064e3d8bfc/element/08de2e02-2d2e-4488-be92-ced0c08d688f/click - {}
RESULT: {}
COMMAND: GET /session/a06c9c01-66ae-403e-aa91-82064e3d8bfc/title - {}
RESULT: {}
]]></system-out>
    </testcase>
    <testcase classname="firefox.118_0_2.windows.Test_Suite" name="Ensure language dropdown list appears" time="10.728">
      <failure/>
      <error message="Can't call waitAndClick on element with selector &quot;button[id=&quot;js-lang-list-button&quot;]&quot; because element wasn't found"/>
      <system-out><![CDATA[
COMMAND: POST /session/a06c9c01-66ae-403e-aa91-82064e3d8bfc/url - {"url":"https://en.wikipedia.org/wiki/Main_Page"}
COMMAND: POST /session/a06c9c01-66ae-403e-aa91-82064e3d8bfc/url - {"url":"https://www.wikipedia.org/"}
RESULT: {"url":"https://en.wikipedia.org/wiki/Main_Page"}
RESULT: {"url":"https://www.wikipedia.org/"}
COMMAND: POST /session/a06c9c01-66ae-403e-aa91-82064e3d8bfc/element - {"using":"css selector","value":"div[id=\"js-lang-lists\"]"}
RESULT: {"using":"css selector","value":"div[id=\"js-lang-lists\"]"}
COMMAND: POST /session/a06c9c01-66ae-403e-aa91-82064e3d8bfc/element/8d609aec-d4c3-41ae-8989-73f67c6b8ef7/element - {"using":"css selector","value":"button[id=\"js-lang-list-button\"]"}
RESULT: {"using":"css selector","value":"button[id=\"js-lang-list-button\"]"}
COMMAND: POST /session/a06c9c01-66ae-403e-aa91-82064e3d8bfc/element/8d609aec-d4c3-41ae-8989-73f67c6b8ef7/elements - {"using":"css selector","value":"button[id=\"js-lang-list-button\"]"}
RESULT: {"using":"css selector","value":"button[id=\"js-lang-list-button\"]"}
COMMAND: POST /session/a06c9c01-66ae-403e-aa91-82064e3d8bfc/element/8d609aec-d4c3-41ae-8989-73f67c6b8ef7/elements - {"using":"css selector","value":"button[id=\"js-lang-list-button\"]"}
RESULT: {"using":"css selector","value":"button[id=\"js-lang-list-button\"]"}
COMMAND: POST /session/a06c9c01-66ae-403e-aa91-82064e3d8bfc/element/8d609aec-d4c3-41ae-8989-73f67c6b8ef7/elements - {"using":"css selector","value":"button[id=\"js-lang-list-button\"]"}
RESULT: {"using":"css selector","value":"button[id=\"js-lang-list-button\"]"}
COMMAND: POST /session/a06c9c01-66ae-403e-aa91-82064e3d8bfc/element/8d609aec-d4c3-41ae-8989-73f67c6b8ef7/elements - {"using":"css selector","value":"button[id=\"js-lang-list-button\"]"}
RESULT: {"using":"css selector","value":"button[id=\"js-lang-list-button\"]"}
COMMAND: POST /session/a06c9c01-66ae-403e-aa91-82064e3d8bfc/element/8d609aec-d4c3-41ae-8989-73f67c6b8ef7/elements - {"using":"css selector","value":"button[id=\"js-lang-list-button\"]"}
RESULT: {"using":"css selector","value":"button[id=\"js-lang-list-button\"]"}
COMMAND: POST /session/a06c9c01-66ae-403e-aa91-82064e3d8bfc/element/8d609aec-d4c3-41ae-8989-73f67c6b8ef7/elements - {"using":"css selector","value":"button[id=\"js-lang-list-button\"]"}
RESULT: {"using":"css selector","value":"button[id=\"js-lang-list-button\"]"}
COMMAND: POST /session/a06c9c01-66ae-403e-aa91-82064e3d8bfc/element/8d609aec-d4c3-41ae-8989-73f67c6b8ef7/elements - {"using":"css selector","value":"button[id=\"js-lang-list-button\"]"}
RESULT: {"using":"css selector","value":"button[id=\"js-lang-list-button\"]"}
COMMAND: POST /session/a06c9c01-66ae-403e-aa91-82064e3d8bfc/element/8d609aec-d4c3-41ae-8989-73f67c6b8ef7/elements - {"using":"css selector","value":"button[id=\"js-lang-list-button\"]"}
RESULT: {"using":"css selector","value":"button[id=\"js-lang-list-button\"]"}
COMMAND: POST /session/a06c9c01-66ae-403e-aa91-82064e3d8bfc/element/8d609aec-d4c3-41ae-8989-73f67c6b8ef7/elements - {"using":"css selector","value":"button[id=\"js-lang-list-button\"]"}
RESULT: {"using":"css selector","value":"button[id=\"js-lang-list-button\"]"}
COMMAND: POST /session/a06c9c01-66ae-403e-aa91-82064e3d8bfc/element/8d609aec-d4c3-41ae-8989-73f67c6b8ef7/elements - {"using":"css selector","value":"button[id=\"js-lang-list-button\"]"}
RESULT: {"using":"css selector","value":"button[id=\"js-lang-list-button\"]"}
COMMAND: POST /session/a06c9c01-66ae-403e-aa91-82064e3d8bfc/element/8d609aec-d4c3-41ae-8989-73f67c6b8ef7/elements - {"using":"css selector","value":"button[id=\"js-lang-list-button\"]"}
RESULT: {"using":"css selector","value":"button[id=\"js-lang-list-button\"]"}
COMMAND: POST /session/a06c9c01-66ae-403e-aa91-82064e3d8bfc/element/8d609aec-d4c3-41ae-8989-73f67c6b8ef7/elements - {"using":"css selector","value":"button[id=\"js-lang-list-button\"]"}
RESULT: {"using":"css selector","value":"button[id=\"js-lang-list-button\"]"}
COMMAND: POST /session/a06c9c01-66ae-403e-aa91-82064e3d8bfc/element/8d609aec-d4c3-41ae-8989-73f67c6b8ef7/elements - {"using":"css selector","value":"button[id=\"js-lang-list-button\"]"}
RESULT: {"using":"css selector","value":"button[id=\"js-lang-list-button\"]"}
COMMAND: POST /session/a06c9c01-66ae-403e-aa91-82064e3d8bfc/element/8d609aec-d4c3-41ae-8989-73f67c6b8ef7/elements - {"using":"css selector","value":"button[id=\"js-lang-list-button\"]"}
RESULT: {"using":"css selector","value":"button[id=\"js-lang-list-button\"]"}
COMMAND: POST /session/a06c9c01-66ae-403e-aa91-82064e3d8bfc/element/8d609aec-d4c3-41ae-8989-73f67c6b8ef7/elements - {"using":"css selector","value":"button[id=\"js-lang-list-button\"]"}
RESULT: {"using":"css selector","value":"button[id=\"js-lang-list-button\"]"}
COMMAND: POST /session/a06c9c01-66ae-403e-aa91-82064e3d8bfc/element/8d609aec-d4c3-41ae-8989-73f67c6b8ef7/elements - {"using":"css selector","value":"button[id=\"js-lang-list-button\"]"}
RESULT: {"using":"css selector","value":"button[id=\"js-lang-list-button\"]"}
COMMAND: POST /session/a06c9c01-66ae-403e-aa91-82064e3d8bfc/element/8d609aec-d4c3-41ae-8989-73f67c6b8ef7/elements - {"using":"css selector","value":"button[id=\"js-lang-list-button\"]"}
RESULT: {"using":"css selector","value":"button[id=\"js-lang-list-button\"]"}
COMMAND: POST /session/a06c9c01-66ae-403e-aa91-82064e3d8bfc/element/8d609aec-d4c3-41ae-8989-73f67c6b8ef7/elements - {"using":"css selector","value":"button[id=\"js-lang-list-button\"]"}
RESULT: {"using":"css selector","value":"button[id=\"js-lang-list-button\"]"}
COMMAND: POST /session/a06c9c01-66ae-403e-aa91-82064e3d8bfc/element/8d609aec-d4c3-41ae-8989-73f67c6b8ef7/elements - {"using":"css selector","value":"button[id=\"js-lang-list-button\"]"}
RESULT: {"using":"css selector","value":"button[id=\"js-lang-list-button\"]"}
COMMAND: POST /session/a06c9c01-66ae-403e-aa91-82064e3d8bfc/element/8d609aec-d4c3-41ae-8989-73f67c6b8ef7/elements - {"using":"css selector","value":"button[id=\"js-lang-list-button\"]"}
RESULT: {"using":"css selector","value":"button[id=\"js-lang-list-button\"]"}
COMMAND: GET /session/a06c9c01-66ae-403e-aa91-82064e3d8bfc/screenshot - {}
RESULT: {}
]]></system-out>
      <system-err><![CDATA[
Error: Can't call waitAndClick on element with selector "button[id="js-lang-list-button"]" because element wasn't found
    at async Context.<anonymous> (C:\Users\Charles_Adair\Documents\Automation-js-mentoring\test\specs\test.specs.js:32:9)
]]></system-err>
    </testcase>
    <testcase classname="firefox.118_0_2.windows.Test_Suite" name="Log into account" time="4.653">
      <system-out><![CDATA[
COMMAND: POST /session/a06c9c01-66ae-403e-aa91-82064e3d8bfc/url - {"url":"https://en.wikipedia.org/wiki/Main_Page"}
COMMAND: POST /session/a06c9c01-66ae-403e-aa91-82064e3d8bfc/element - {"using":"css selector","value":".vector-header"}
RESULT: {"url":"https://en.wikipedia.org/wiki/Main_Page"}
RESULT: {"using":"css selector","value":".vector-header"}
COMMAND: POST /session/a06c9c01-66ae-403e-aa91-82064e3d8bfc/element/61379161-3ec4-49ba-b84f-d0dd11c53e54/element - {"using":"css selector","value":"li[id=\"pt-login-2\"]"}
RESULT: {"using":"css selector","value":"li[id=\"pt-login-2\"]"}
COMMAND: GET /session/a06c9c01-66ae-403e-aa91-82064e3d8bfc/element/c8a524e7-9118-48e1-997f-891c29432487/displayed - {}
RESULT: {}
COMMAND: POST /session/a06c9c01-66ae-403e-aa91-82064e3d8bfc/element/c8a524e7-9118-48e1-997f-891c29432487/click - {}
RESULT: {}
COMMAND: POST /session/a06c9c01-66ae-403e-aa91-82064e3d8bfc/element - {"using":"css selector","value":"div[id=\"userloginForm\"]"}
RESULT: {"using":"css selector","value":"div[id=\"userloginForm\"]"}
COMMAND: POST /session/a06c9c01-66ae-403e-aa91-82064e3d8bfc/element/8b70a46b-80bf-4dba-8c54-40184b9a4519/element - {"using":"css selector","value":"input[id=\"wpName1\"]"}
RESULT: {"using":"css selector","value":"input[id=\"wpName1\"]"}
COMMAND: POST /session/a06c9c01-66ae-403e-aa91-82064e3d8bfc/element/a2974ee2-2086-4222-8062-595a6cec8a32/clear - {}
RESULT: {}
COMMAND: POST /session/a06c9c01-66ae-403e-aa91-82064e3d8bfc/element/a2974ee2-2086-4222-8062-595a6cec8a32/value - {"text":"EpamTestCharlie"}
RESULT: {"text":"EpamTestCharlie"}
COMMAND: POST /session/a06c9c01-66ae-403e-aa91-82064e3d8bfc/element - {"using":"css selector","value":"div[id=\"userloginForm\"]"}
RESULT: {"using":"css selector","value":"div[id=\"userloginForm\"]"}
COMMAND: POST /session/a06c9c01-66ae-403e-aa91-82064e3d8bfc/element/8b70a46b-80bf-4dba-8c54-40184b9a4519/element - {"using":"css selector","value":"input[id=\"wpPassword1\"]"}
RESULT: {"using":"css selector","value":"input[id=\"wpPassword1\"]"}
COMMAND: POST /session/a06c9c01-66ae-403e-aa91-82064e3d8bfc/element/b1ab0ef1-2d34-466f-87a7-af49c5a7dad3/clear - {}
RESULT: {}
COMMAND: POST /session/a06c9c01-66ae-403e-aa91-82064e3d8bfc/element/b1ab0ef1-2d34-466f-87a7-af49c5a7dad3/value - {"text":"Tsotester123"}
RESULT: {"text":"Tsotester123"}
COMMAND: POST /session/a06c9c01-66ae-403e-aa91-82064e3d8bfc/element - {"using":"css selector","value":"div[id=\"userloginForm\"]"}
RESULT: {"using":"css selector","value":"div[id=\"userloginForm\"]"}
COMMAND: POST /session/a06c9c01-66ae-403e-aa91-82064e3d8bfc/element/8b70a46b-80bf-4dba-8c54-40184b9a4519/element - {"using":"xpath","value":"//button[@type='submit']"}
RESULT: {"using":"xpath","value":"//button[@type='submit']"}
COMMAND: GET /session/a06c9c01-66ae-403e-aa91-82064e3d8bfc/element/bcbc22ef-d6b9-43b3-bbc2-e229ba355244/displayed - {}
RESULT: {}
COMMAND: POST /session/a06c9c01-66ae-403e-aa91-82064e3d8bfc/element/bcbc22ef-d6b9-43b3-bbc2-e229ba355244/click - {}
RESULT: {}
COMMAND: POST /session/a06c9c01-66ae-403e-aa91-82064e3d8bfc/element - {"using":"css selector","value":".vector-header"}
RESULT: {"using":"css selector","value":".vector-header"}
COMMAND: POST /session/a06c9c01-66ae-403e-aa91-82064e3d8bfc/element/d87fd9a9-3940-49f6-8d5b-4d62d0d65e17/element - {"using":"css selector","value":"li[id=\"pt-userpage-2\"]"}
RESULT: {"using":"css selector","value":"li[id=\"pt-userpage-2\"]"}
COMMAND: GET /session/a06c9c01-66ae-403e-aa91-82064e3d8bfc/element/4b515d7a-8f38-4241-8b94-54e1faf096f2/displayed - {}
RESULT: {}
COMMAND: POST /session/a06c9c01-66ae-403e-aa91-82064e3d8bfc/element/4b515d7a-8f38-4241-8b94-54e1faf096f2/click - {}
RESULT: {}
COMMAND: GET /session/a06c9c01-66ae-403e-aa91-82064e3d8bfc/title - {}
RESULT: {}
]]></system-out>
    </testcase>
    <testcase classname="firefox.118_0_2.windows.Test_Suite" name="Search for EPAM but before hitting enter add Offices in USA to search" time="2.584">
      <system-out><![CDATA[
COMMAND: POST /session/a06c9c01-66ae-403e-aa91-82064e3d8bfc/url - {"url":"https://en.wikipedia.org/wiki/Main_Page"}
COMMAND: POST /session/a06c9c01-66ae-403e-aa91-82064e3d8bfc/element - {"using":"css selector","value":".vector-header"}
RESULT: {"url":"https://en.wikipedia.org/wiki/Main_Page"}
RESULT: {"using":"css selector","value":".vector-header"}
COMMAND: POST /session/a06c9c01-66ae-403e-aa91-82064e3d8bfc/element/121589c8-7030-4815-bb2c-0ec612ec25d7/element - {"using":"css selector","value":"input[name=\"search\"]"}
RESULT: {"using":"css selector","value":"input[name=\"search\"]"}
COMMAND: POST /session/a06c9c01-66ae-403e-aa91-82064e3d8bfc/element/a211f72f-78a2-4bc2-9bf2-12835308beed/clear - {}
RESULT: {}
COMMAND: POST /session/a06c9c01-66ae-403e-aa91-82064e3d8bfc/element/a211f72f-78a2-4bc2-9bf2-12835308beed/value - {"text":"Epam"}
RESULT: {"text":"Epam"}
COMMAND: POST /session/a06c9c01-66ae-403e-aa91-82064e3d8bfc/element - {"using":"css selector","value":".vector-header"}
RESULT: {"using":"css selector","value":".vector-header"}
COMMAND: POST /session/a06c9c01-66ae-403e-aa91-82064e3d8bfc/element/121589c8-7030-4815-bb2c-0ec612ec25d7/element - {"using":"css selector","value":"input[name=\"search\"]"}
RESULT: {"using":"css selector","value":"input[name=\"search\"]"}
COMMAND: POST /session/a06c9c01-66ae-403e-aa91-82064e3d8bfc/element/a211f72f-78a2-4bc2-9bf2-12835308beed/value - {"text":" offices in USA"}
RESULT: {"text":" offices in USA"}
COMMAND: POST /session/a06c9c01-66ae-403e-aa91-82064e3d8bfc/element - {"using":"css selector","value":".vector-header"}
RESULT: {"using":"css selector","value":".vector-header"}
COMMAND: POST /session/a06c9c01-66ae-403e-aa91-82064e3d8bfc/element/121589c8-7030-4815-bb2c-0ec612ec25d7/element - {"using":"css selector","value":"button[class=\"cdx-button cdx-button--action-default cdx-button--weight-normal cdx-button--size-medium cdx-button--framed cdx-search-input__end-button\"]"}
RESULT: {"using":"css selector","value":"button[class=\"cdx-button cdx-button--action-default cdx-button--weight-normal cdx-button--size-medium cdx-button--framed cdx-search-input__end-button\"]"}
COMMAND: GET /session/a06c9c01-66ae-403e-aa91-82064e3d8bfc/element/d2ed6ae5-c984-4e72-90b1-486330b01b04/displayed - {}
RESULT: {}
COMMAND: POST /session/a06c9c01-66ae-403e-aa91-82064e3d8bfc/element/d2ed6ae5-c984-4e72-90b1-486330b01b04/click - {}
RESULT: {}
COMMAND: GET /session/a06c9c01-66ae-403e-aa91-82064e3d8bfc/title - {}
RESULT: {}
]]></system-out>
    </testcase>
    <testcase classname="firefox.118_0_2.windows.Test_Suite" name="Search for content with no direct option click on suggestion and assert suggested page has been opened" time="2.321">
      <failure/>
      <error message="Cannot read properties of undefined (reading 'data')"/>
      <system-out><![CDATA[
COMMAND: POST /session/a06c9c01-66ae-403e-aa91-82064e3d8bfc/url - {"url":"https://en.wikipedia.org/wiki/Main_Page"}
COMMAND: POST /session/a06c9c01-66ae-403e-aa91-82064e3d8bfc/element - {"using":"css selector","value":".vector-header"}
RESULT: {"url":"https://en.wikipedia.org/wiki/Main_Page"}
RESULT: {"using":"css selector","value":".vector-header"}
COMMAND: POST /session/a06c9c01-66ae-403e-aa91-82064e3d8bfc/element/23c8724c-6ea3-4740-b5e8-68ac7d8bc338/element - {"using":"css selector","value":"input[name=\"search\"]"}
RESULT: {"using":"css selector","value":"input[name=\"search\"]"}
COMMAND: POST /session/a06c9c01-66ae-403e-aa91-82064e3d8bfc/element/75b80c7a-0f73-4ee9-ac64-d2a9ac44afca/clear - {}
RESULT: {}
COMMAND: POST /session/a06c9c01-66ae-403e-aa91-82064e3d8bfc/element/75b80c7a-0f73-4ee9-ac64-d2a9ac44afca/value - {"text":"Epam"}
RESULT: {"text":"Epam"}
COMMAND: POST /session/a06c9c01-66ae-403e-aa91-82064e3d8bfc/element - {"using":"css selector","value":".vector-header"}
RESULT: {"using":"css selector","value":".vector-header"}
COMMAND: POST /session/a06c9c01-66ae-403e-aa91-82064e3d8bfc/element/23c8724c-6ea3-4740-b5e8-68ac7d8bc338/element - {"using":"css selector","value":"input[name=\"search\"]"}
RESULT: {"using":"css selector","value":"input[name=\"search\"]"}
COMMAND: POST /session/a06c9c01-66ae-403e-aa91-82064e3d8bfc/element/75b80c7a-0f73-4ee9-ac64-d2a9ac44afca/value - {"text":" offices in USA"}
RESULT: {"text":" offices in USA"}
COMMAND: POST /session/a06c9c01-66ae-403e-aa91-82064e3d8bfc/element - {"using":"css selector","value":".vector-header"}
RESULT: {"using":"css selector","value":".vector-header"}
COMMAND: POST /session/a06c9c01-66ae-403e-aa91-82064e3d8bfc/element/23c8724c-6ea3-4740-b5e8-68ac7d8bc338/element - {"using":"css selector","value":"button[class=\"cdx-button cdx-button--action-default cdx-button--weight-normal cdx-button--size-medium cdx-button--framed cdx-search-input__end-button\"]"}
RESULT: {"using":"css selector","value":"button[class=\"cdx-button cdx-button--action-default cdx-button--weight-normal cdx-button--size-medium cdx-button--framed cdx-search-input__end-button\"]"}
COMMAND: GET /session/a06c9c01-66ae-403e-aa91-82064e3d8bfc/element/f20f186e-ef99-4720-a541-9a64eee76a3f/displayed - {}
RESULT: {}
COMMAND: POST /session/a06c9c01-66ae-403e-aa91-82064e3d8bfc/element/f20f186e-ef99-4720-a541-9a64eee76a3f/click - {}
RESULT: {}
COMMAND: GET /session/a06c9c01-66ae-403e-aa91-82064e3d8bfc/title - {}
RESULT: {}
COMMAND: GET /session/a06c9c01-66ae-403e-aa91-82064e3d8bfc/screenshot - {}
RESULT: {}
]]></system-out>
      <system-err><![CDATA[
TypeError: Cannot read properties of undefined (reading 'data')
    at Context.<anonymous> (C:\Users\Charles_Adair\Documents\Automation-js-mentoring\test\specs\test.specs.js:61:74)
    at process.processTicksAndRejections (node:internal/process/task_queues:95:5)
]]></system-err>
    </testcase>
    <testcase classname="firefox.118_0_2.windows.Test_Suite" name="Execute task Change border colour of wiki home icon to red" time="0.883">
      <system-out><![CDATA[
COMMAND: POST /session/a06c9c01-66ae-403e-aa91-82064e3d8bfc/url - {"url":"https://en.wikipedia.org/wiki/Main_Page"}
COMMAND: POST /session/a06c9c01-66ae-403e-aa91-82064e3d8bfc/element - {"using":"css selector","value":".vector-header"}
RESULT: {"url":"https://en.wikipedia.org/wiki/Main_Page"}
RESULT: {"using":"css selector","value":".vector-header"}
COMMAND: POST /session/a06c9c01-66ae-403e-aa91-82064e3d8bfc/element/3118bb17-5256-4e7f-b1f1-eace592ee3d1/element - {"using":"css selector","value":"img[class=\"mw-logo-icon\"]"}
RESULT: {"using":"css selector","value":"img[class=\"mw-logo-icon\"]"}
COMMAND: POST /session/a06c9c01-66ae-403e-aa91-82064e3d8bfc/execute/sync - {"script":"return (function(wikiHomeIcon) {\r\n            wikiHomeIcon.style.border = 'red solid 2px';\r\n        }).apply(null, arguments)","args":[{"element-6066-11e4-a52e-4f735466cecf":"c22ae268-0b01-432b-8035-8b026d59c42b","ELEMENT":"c22ae268-0b01-432b-8035-8b026d59c42b"}]}
RESULT: {"script":"return (function(wikiHomeIcon) {\r\n            wikiHomeIcon.style.border = 'red solid 2px';\r\n        }).apply(null, arguments)","args":[{"element-6066-11e4-a52e-4f735466cecf":"c22ae268-0b01-432b-8035-8b026d59c42b","ELEMENT":"c22ae268-0b01-432b-8035-8b026d59c42b"}]}
COMMAND: POST /session/a06c9c01-66ae-403e-aa91-82064e3d8bfc/element - {"using":"css selector","value":".vector-header"}
RESULT: {"using":"css selector","value":".vector-header"}
COMMAND: POST /session/a06c9c01-66ae-403e-aa91-82064e3d8bfc/element/3118bb17-5256-4e7f-b1f1-eace592ee3d1/element - {"using":"css selector","value":"img[class=\"mw-logo-icon\"]"}
RESULT: {"using":"css selector","value":"img[class=\"mw-logo-icon\"]"}
COMMAND: POST /session/a06c9c01-66ae-403e-aa91-82064e3d8bfc/execute/sync - {"script":"return (function(updatedWikiHomeIcon) {\r\n            return window.getComputedStyle(updatedWikiHomeIcon).border;\r\n        }).apply(null, arguments)","args":[{"element-6066-11e4-a52e-4f735466cecf":"c22ae268-0b01-432b-8035-8b026d59c42b","ELEMENT":"c22ae268-0b01-432b-8035-8b026d59c42b"}]}
RESULT: {"script":"return (function(updatedWikiHomeIcon) {\r\n            return window.getComputedStyle(updatedWikiHomeIcon).border;\r\n        }).apply(null, arguments)","args":[{"element-6066-11e4-a52e-4f735466cecf":"c22ae268-0b01-432b-8035-8b026d59c42b","ELEMENT":"c22ae268-0b01-432b-8035-8b026d59c42b"}]}
]]></system-out>
    </testcase>
    <testcase classname="firefox.118_0_2.windows.Test_Suite" name="waitUntil task Search for Cat and assert that the title text is appropriate" time="2.798">
      <system-out><![CDATA[
COMMAND: POST /session/a06c9c01-66ae-403e-aa91-82064e3d8bfc/url - {"url":"https://en.wikipedia.org/wiki/Main_Page"}
COMMAND: POST /session/a06c9c01-66ae-403e-aa91-82064e3d8bfc/element - {"using":"css selector","value":".vector-header"}
RESULT: {"url":"https://en.wikipedia.org/wiki/Main_Page"}
RESULT: {"using":"css selector","value":".vector-header"}
COMMAND: POST /session/a06c9c01-66ae-403e-aa91-82064e3d8bfc/element/9df530bf-1d03-42f5-b55c-17b4f28fb542/element - {"using":"css selector","value":"input[name=\"search\"]"}
RESULT: {"using":"css selector","value":"input[name=\"search\"]"}
COMMAND: POST /session/a06c9c01-66ae-403e-aa91-82064e3d8bfc/element/ce55e608-30b6-409e-9805-3c626d43921c/clear - {}
RESULT: {}
COMMAND: POST /session/a06c9c01-66ae-403e-aa91-82064e3d8bfc/element/ce55e608-30b6-409e-9805-3c626d43921c/value - {"text":"Cat"}
RESULT: {"text":"Cat"}
COMMAND: POST /session/a06c9c01-66ae-403e-aa91-82064e3d8bfc/element - {"using":"css selector","value":".vector-header"}
RESULT: {"using":"css selector","value":".vector-header"}
COMMAND: POST /session/a06c9c01-66ae-403e-aa91-82064e3d8bfc/element/9df530bf-1d03-42f5-b55c-17b4f28fb542/element - {"using":"css selector","value":"button[class=\"cdx-button cdx-button--action-default cdx-button--weight-normal cdx-button--size-medium cdx-button--framed cdx-search-input__end-button\"]"}
RESULT: {"using":"css selector","value":"button[class=\"cdx-button cdx-button--action-default cdx-button--weight-normal cdx-button--size-medium cdx-button--framed cdx-search-input__end-button\"]"}
COMMAND: POST /session/a06c9c01-66ae-403e-aa91-82064e3d8bfc/element/9df530bf-1d03-42f5-b55c-17b4f28fb542/elements - {"using":"css selector","value":"button[class=\"cdx-button cdx-button--action-default cdx-button--weight-normal cdx-button--size-medium cdx-button--framed cdx-search-input__end-button\"]"}
RESULT: {"using":"css selector","value":"button[class=\"cdx-button cdx-button--action-default cdx-button--weight-normal cdx-button--size-medium cdx-button--framed cdx-search-input__end-button\"]"}
COMMAND: POST /session/a06c9c01-66ae-403e-aa91-82064e3d8bfc/element/9df530bf-1d03-42f5-b55c-17b4f28fb542/element - {"using":"css selector","value":"button[class=\"cdx-button cdx-button--action-default cdx-button--weight-normal cdx-button--size-medium cdx-button--framed cdx-search-input__end-button\"]"}
RESULT: {"using":"css selector","value":"button[class=\"cdx-button cdx-button--action-default cdx-button--weight-normal cdx-button--size-medium cdx-button--framed cdx-search-input__end-button\"]"}
COMMAND: GET /session/a06c9c01-66ae-403e-aa91-82064e3d8bfc/element/232ed942-d79b-447b-b759-96b860febc15/displayed - {}
RESULT: {}
COMMAND: POST /session/a06c9c01-66ae-403e-aa91-82064e3d8bfc/element/232ed942-d79b-447b-b759-96b860febc15/click - {}
RESULT: {}
COMMAND: GET /session/a06c9c01-66ae-403e-aa91-82064e3d8bfc/title - {}
RESULT: {}
COMMAND: GET /session/a06c9c01-66ae-403e-aa91-82064e3d8bfc/title - {}
RESULT: {}
]]></system-out>
    </testcase>
    <testcase classname="firefox.118_0_2.windows.Test_Suite" name="Log in and log username as cookie Use getCookies to return value" time="11.065">
      <failure/>
      <error message="Can't call waitAndClick on element with selector &quot;li[id=&quot;pt-login-2&quot;]&quot; because element wasn't found"/>
      <system-out><![CDATA[
COMMAND: POST /session/a06c9c01-66ae-403e-aa91-82064e3d8bfc/url - {"url":"https://en.wikipedia.org/wiki/Main_Page"}
COMMAND: POST /session/a06c9c01-66ae-403e-aa91-82064e3d8bfc/element - {"using":"css selector","value":".vector-header"}
RESULT: {"url":"https://en.wikipedia.org/wiki/Main_Page"}
RESULT: {"using":"css selector","value":".vector-header"}
COMMAND: POST /session/a06c9c01-66ae-403e-aa91-82064e3d8bfc/element/39ab159f-7ec6-4abb-a98c-3bbcc2c51636/element - {"using":"css selector","value":"li[id=\"pt-login-2\"]"}
RESULT: {"using":"css selector","value":"li[id=\"pt-login-2\"]"}
COMMAND: POST /session/a06c9c01-66ae-403e-aa91-82064e3d8bfc/element/39ab159f-7ec6-4abb-a98c-3bbcc2c51636/elements - {"using":"css selector","value":"li[id=\"pt-login-2\"]"}
RESULT: {"using":"css selector","value":"li[id=\"pt-login-2\"]"}
COMMAND: POST /session/a06c9c01-66ae-403e-aa91-82064e3d8bfc/element/39ab159f-7ec6-4abb-a98c-3bbcc2c51636/elements - {"using":"css selector","value":"li[id=\"pt-login-2\"]"}
RESULT: {"using":"css selector","value":"li[id=\"pt-login-2\"]"}
COMMAND: POST /session/a06c9c01-66ae-403e-aa91-82064e3d8bfc/element/39ab159f-7ec6-4abb-a98c-3bbcc2c51636/elements - {"using":"css selector","value":"li[id=\"pt-login-2\"]"}
RESULT: {"using":"css selector","value":"li[id=\"pt-login-2\"]"}
COMMAND: POST /session/a06c9c01-66ae-403e-aa91-82064e3d8bfc/element/39ab159f-7ec6-4abb-a98c-3bbcc2c51636/elements - {"using":"css selector","value":"li[id=\"pt-login-2\"]"}
RESULT: {"using":"css selector","value":"li[id=\"pt-login-2\"]"}
COMMAND: POST /session/a06c9c01-66ae-403e-aa91-82064e3d8bfc/element/39ab159f-7ec6-4abb-a98c-3bbcc2c51636/elements - {"using":"css selector","value":"li[id=\"pt-login-2\"]"}
RESULT: {"using":"css selector","value":"li[id=\"pt-login-2\"]"}
COMMAND: POST /session/a06c9c01-66ae-403e-aa91-82064e3d8bfc/element/39ab159f-7ec6-4abb-a98c-3bbcc2c51636/elements - {"using":"css selector","value":"li[id=\"pt-login-2\"]"}
RESULT: {"using":"css selector","value":"li[id=\"pt-login-2\"]"}
COMMAND: POST /session/a06c9c01-66ae-403e-aa91-82064e3d8bfc/element/39ab159f-7ec6-4abb-a98c-3bbcc2c51636/elements - {"using":"css selector","value":"li[id=\"pt-login-2\"]"}
RESULT: {"using":"css selector","value":"li[id=\"pt-login-2\"]"}
COMMAND: POST /session/a06c9c01-66ae-403e-aa91-82064e3d8bfc/element/39ab159f-7ec6-4abb-a98c-3bbcc2c51636/elements - {"using":"css selector","value":"li[id=\"pt-login-2\"]"}
RESULT: {"using":"css selector","value":"li[id=\"pt-login-2\"]"}
COMMAND: POST /session/a06c9c01-66ae-403e-aa91-82064e3d8bfc/element/39ab159f-7ec6-4abb-a98c-3bbcc2c51636/elements - {"using":"css selector","value":"li[id=\"pt-login-2\"]"}
RESULT: {"using":"css selector","value":"li[id=\"pt-login-2\"]"}
COMMAND: POST /session/a06c9c01-66ae-403e-aa91-82064e3d8bfc/element/39ab159f-7ec6-4abb-a98c-3bbcc2c51636/elements - {"using":"css selector","value":"li[id=\"pt-login-2\"]"}
RESULT: {"using":"css selector","value":"li[id=\"pt-login-2\"]"}
COMMAND: POST /session/a06c9c01-66ae-403e-aa91-82064e3d8bfc/element/39ab159f-7ec6-4abb-a98c-3bbcc2c51636/elements - {"using":"css selector","value":"li[id=\"pt-login-2\"]"}
RESULT: {"using":"css selector","value":"li[id=\"pt-login-2\"]"}
COMMAND: POST /session/a06c9c01-66ae-403e-aa91-82064e3d8bfc/element/39ab159f-7ec6-4abb-a98c-3bbcc2c51636/elements - {"using":"css selector","value":"li[id=\"pt-login-2\"]"}
RESULT: {"using":"css selector","value":"li[id=\"pt-login-2\"]"}
COMMAND: POST /session/a06c9c01-66ae-403e-aa91-82064e3d8bfc/element/39ab159f-7ec6-4abb-a98c-3bbcc2c51636/elements - {"using":"css selector","value":"li[id=\"pt-login-2\"]"}
RESULT: {"using":"css selector","value":"li[id=\"pt-login-2\"]"}
COMMAND: POST /session/a06c9c01-66ae-403e-aa91-82064e3d8bfc/element/39ab159f-7ec6-4abb-a98c-3bbcc2c51636/elements - {"using":"css selector","value":"li[id=\"pt-login-2\"]"}
RESULT: {"using":"css selector","value":"li[id=\"pt-login-2\"]"}
COMMAND: POST /session/a06c9c01-66ae-403e-aa91-82064e3d8bfc/element/39ab159f-7ec6-4abb-a98c-3bbcc2c51636/elements - {"using":"css selector","value":"li[id=\"pt-login-2\"]"}
RESULT: {"using":"css selector","value":"li[id=\"pt-login-2\"]"}
COMMAND: POST /session/a06c9c01-66ae-403e-aa91-82064e3d8bfc/element/39ab159f-7ec6-4abb-a98c-3bbcc2c51636/elements - {"using":"css selector","value":"li[id=\"pt-login-2\"]"}
RESULT: {"using":"css selector","value":"li[id=\"pt-login-2\"]"}
COMMAND: POST /session/a06c9c01-66ae-403e-aa91-82064e3d8bfc/element/39ab159f-7ec6-4abb-a98c-3bbcc2c51636/elements - {"using":"css selector","value":"li[id=\"pt-login-2\"]"}
RESULT: {"using":"css selector","value":"li[id=\"pt-login-2\"]"}
COMMAND: POST /session/a06c9c01-66ae-403e-aa91-82064e3d8bfc/element/39ab159f-7ec6-4abb-a98c-3bbcc2c51636/elements - {"using":"css selector","value":"li[id=\"pt-login-2\"]"}
RESULT: {"using":"css selector","value":"li[id=\"pt-login-2\"]"}
COMMAND: POST /session/a06c9c01-66ae-403e-aa91-82064e3d8bfc/element/39ab159f-7ec6-4abb-a98c-3bbcc2c51636/elements - {"using":"css selector","value":"li[id=\"pt-login-2\"]"}
RESULT: {"using":"css selector","value":"li[id=\"pt-login-2\"]"}
COMMAND: POST /session/a06c9c01-66ae-403e-aa91-82064e3d8bfc/element/39ab159f-7ec6-4abb-a98c-3bbcc2c51636/elements - {"using":"css selector","value":"li[id=\"pt-login-2\"]"}
RESULT: {"using":"css selector","value":"li[id=\"pt-login-2\"]"}
COMMAND: GET /session/a06c9c01-66ae-403e-aa91-82064e3d8bfc/screenshot - {}
RESULT: {}
COMMAND: DELETE /session/a06c9c01-66ae-403e-aa91-82064e3d8bfc - {}
RESULT: {}
]]></system-out>
      <system-err><![CDATA[
Error: Can't call waitAndClick on element with selector "li[id="pt-login-2"]" because element wasn't found
    at async Context.<anonymous> (C:\Users\Charles_Adair\Documents\Automation-js-mentoring\test\specs\test.specs.js:96:9)
]]></system-err>
    </testcase>
  </testsuite>
</testsuites>